[2023-05-12 02:34:20] Storing files in experiments/GRU3/2023-05-12_02-34-05_71be9440f02a11eda7ec5cff35c18db0
[2023-05-12 02:34:20] batch_size: 64
[2023-05-12 02:34:20] data:
[2023-05-12 02:34:20]   class_indice_file: data/metadata/class_label_indices.txt
[2023-05-12 02:34:20]   feature: data/dev/feature.csv
[2023-05-12 02:34:20]   label: data/dev/label.csv
[2023-05-12 02:34:20]   stratified: true
[2023-05-12 02:34:20] dataloader_args:
[2023-05-12 02:34:20]   batch_size: 64
[2023-05-12 02:34:20]   num_workers: 1
[2023-05-12 02:34:20] early_stop: 7
[2023-05-12 02:34:20] epochs: 100
[2023-05-12 02:34:20] loss: BceLoss
[2023-05-12 02:34:20] model:
[2023-05-12 02:34:20]   args: {}
[2023-05-12 02:34:20]   type: GRU3
[2023-05-12 02:34:20] num_workers: 2
[2023-05-12 02:34:20] optimizer:
[2023-05-12 02:34:20]   args:
[2023-05-12 02:34:20]     lr: 0.001
[2023-05-12 02:34:20]   type: AdamW
[2023-05-12 02:34:20] outputpath: experiments/
[2023-05-12 02:34:20] scheduler_args:
[2023-05-12 02:34:20]   factor: 0.1
[2023-05-12 02:34:20]   patience: 3
[2023-05-12 02:34:20] 
[2023-05-12 02:34:20] Running on device cuda
[2023-05-12 02:34:25] AdamW (
[2023-05-12 02:34:25] Parameter Group 0
[2023-05-12 02:34:25]     amsgrad: False
[2023-05-12 02:34:25]     betas: (0.9, 0.999)
[2023-05-12 02:34:25]     capturable: False
[2023-05-12 02:34:25]     differentiable: False
[2023-05-12 02:34:25]     eps: 1e-08
[2023-05-12 02:34:25]     foreach: None
[2023-05-12 02:34:25]     fused: None
[2023-05-12 02:34:25]     lr: 0.001
[2023-05-12 02:34:25]     maximize: False
[2023-05-12 02:34:25]     weight_decay: 0.01
[2023-05-12 02:34:25] )
[2023-05-12 02:34:25] GRU3(
[2023-05-12 02:34:25]   (bn0): BatchNorm2d(64, eps=1e-05, momentum=0.1, affine=True, track_running_stats=True)
[2023-05-12 02:34:25]   (bn1): BatchNorm2d(16, eps=1e-05, momentum=0.1, affine=True, track_running_stats=True)
[2023-05-12 02:34:25]   (bn2): BatchNorm2d(32, eps=1e-05, momentum=0.1, affine=True, track_running_stats=True)
[2023-05-12 02:34:25]   (bn3): BatchNorm2d(64, eps=1e-05, momentum=0.1, affine=True, track_running_stats=True)
[2023-05-12 02:34:25]   (conv1): Conv2d(1, 16, kernel_size=(3, 3), stride=(1, 1), padding=(1, 1), bias=False)
[2023-05-12 02:34:25]   (conv2): Conv2d(16, 32, kernel_size=(3, 3), stride=(1, 1), padding=(1, 1), bias=False)
[2023-05-12 02:34:25]   (conv3): Conv2d(32, 64, kernel_size=(3, 3), stride=(1, 1), padding=(1, 1), bias=False)
[2023-05-12 02:34:25]   (bigru): GRU(512, 128, num_layers=3, batch_first=True, bidirectional=True)
[2023-05-12 02:34:25]   (fc): Linear(in_features=256, out_features=10, bias=True)
[2023-05-12 02:34:25]   (relu): ReLU()
[2023-05-12 02:34:25] )
[2023-05-12 02:34:31] Epoch 1   training_loss: 0.38  val_loss: 0.34  precision: 0.28  recall: 0.08  f1: 0.09
[2023-05-12 02:34:34] Epoch 2   training_loss: 0.30  val_loss: 0.28  precision: 0.30  recall: 0.18  f1: 0.20
[2023-05-12 02:34:36] Epoch 3   training_loss: 0.27  val_loss: 0.26  precision: 0.61  recall: 0.26  f1: 0.34
[2023-05-12 02:34:39] Epoch 4   training_loss: 0.24  val_loss: 0.24  precision: 0.61  recall: 0.34  f1: 0.40
[2023-05-12 02:34:42] Epoch 5   training_loss: 0.21  val_loss: 0.23  precision: 0.58  recall: 0.40  f1: 0.45
[2023-05-12 02:34:46] Epoch 6   training_loss: 0.18  val_loss: 0.21  precision: 0.62  recall: 0.47  f1: 0.51
[2023-05-12 02:34:48] Epoch 7   training_loss: 0.17  val_loss: 0.18  precision: 0.80  recall: 0.57  f1: 0.62
[2023-05-12 02:34:51] Epoch 8   training_loss: 0.15  val_loss: 0.19  precision: 0.70  recall: 0.61  f1: 0.62
[2023-05-12 02:34:54] Epoch 9   training_loss: 0.14  val_loss: 0.23  precision: 0.68  recall: 0.50  f1: 0.51
[2023-05-12 02:34:57] Epoch 10   training_loss: 0.13  val_loss: 0.19  precision: 0.73  recall: 0.68  f1: 0.69
[2023-05-12 02:35:00] Epoch 11   training_loss: 0.11  val_loss: 0.19  precision: 0.77  recall: 0.66  f1: 0.69
[2023-05-12 02:35:03] Epoch 12   training_loss: 0.09  val_loss: 0.17  precision: 0.78  recall: 0.69  f1: 0.72
[2023-05-12 02:35:05] Epoch 13   training_loss: 0.08  val_loss: 0.16  precision: 0.76  recall: 0.72  f1: 0.74
[2023-05-12 02:35:08] Epoch 14   training_loss: 0.07  val_loss: 0.16  precision: 0.76  recall: 0.71  f1: 0.73
[2023-05-12 02:35:11] Epoch 15   training_loss: 0.07  val_loss: 0.16  precision: 0.76  recall: 0.73  f1: 0.74
[2023-05-12 02:35:15] Epoch 16   training_loss: 0.07  val_loss: 0.16  precision: 0.78  recall: 0.72  f1: 0.75
[2023-05-12 02:35:17] Epoch 17   training_loss: 0.07  val_loss: 0.16  precision: 0.77  recall: 0.72  f1: 0.74
[2023-05-12 02:35:20] Epoch 18   training_loss: 0.07  val_loss: 0.16  precision: 0.78  recall: 0.72  f1: 0.74
[2023-05-12 02:35:23] Epoch 19   training_loss: 0.07  val_loss: 0.16  precision: 0.77  recall: 0.73  f1: 0.74
[2023-05-12 02:35:26] Epoch 20   training_loss: 0.06  val_loss: 0.16  precision: 0.78  recall: 0.74  f1: 0.75
[2023-05-12 02:35:29] Epoch 21   training_loss: 0.06  val_loss: 0.16  precision: 0.78  recall: 0.72  f1: 0.74
[2023-05-12 02:35:31] Epoch 22   training_loss: 0.06  val_loss: 0.16  precision: 0.78  recall: 0.72  f1: 0.74
[2023-05-12 02:35:35] Epoch 23   training_loss: 0.06  val_loss: 0.16  precision: 0.79  recall: 0.72  f1: 0.75
[2023-05-12 02:35:38] Epoch 24   training_loss: 0.06  val_loss: 0.16  precision: 0.78  recall: 0.75  f1: 0.76
