[2023-05-12 01:30:39] Storing files in experiments/Crnn/2023-05-12_01-30-05_8bf56c02f02111eda46e5cff35c18db0
[2023-05-12 01:30:39] batch_size: 64
[2023-05-12 01:30:39] data:
[2023-05-12 01:30:39]   class_indice_file: data/metadata/class_label_indices.txt
[2023-05-12 01:30:39]   feature: data/dev/feature.csv
[2023-05-12 01:30:39]   label: data/dev/label.csv
[2023-05-12 01:30:39]   stratified: true
[2023-05-12 01:30:39] dataloader_args:
[2023-05-12 01:30:39]   batch_size: 64
[2023-05-12 01:30:39]   num_workers: 1
[2023-05-12 01:30:39] early_stop: 7
[2023-05-12 01:30:39] epochs: 100
[2023-05-12 01:30:39] loss: BceLoss
[2023-05-12 01:30:39] model:
[2023-05-12 01:30:39]   args: {}
[2023-05-12 01:30:39]   type: Crnn
[2023-05-12 01:30:39] num_workers: 2
[2023-05-12 01:30:39] optimizer:
[2023-05-12 01:30:39]   args:
[2023-05-12 01:30:39]     lr: 0.001
[2023-05-12 01:30:39]   type: AdamW
[2023-05-12 01:30:39] outputpath: experiments/
[2023-05-12 01:30:39] scheduler_args:
[2023-05-12 01:30:39]   factor: 0.1
[2023-05-12 01:30:39]   patience: 3
[2023-05-12 01:30:39] 
[2023-05-12 01:30:39] Running on device cuda
[2023-05-12 01:30:43] AdamW (
[2023-05-12 01:30:43] Parameter Group 0
[2023-05-12 01:30:43]     amsgrad: False
[2023-05-12 01:30:43]     betas: (0.9, 0.999)
[2023-05-12 01:30:43]     capturable: False
[2023-05-12 01:30:43]     differentiable: False
[2023-05-12 01:30:43]     eps: 1e-08
[2023-05-12 01:30:43]     foreach: None
[2023-05-12 01:30:43]     fused: None
[2023-05-12 01:30:43]     lr: 0.001
[2023-05-12 01:30:43]     maximize: False
[2023-05-12 01:30:43]     weight_decay: 0.01
[2023-05-12 01:30:43] )
[2023-05-12 01:30:43] Crnn(
[2023-05-12 01:30:43]   (bn0): BatchNorm2d(64, eps=1e-05, momentum=0.1, affine=True, track_running_stats=True)
[2023-05-12 01:30:43]   (bn1): BatchNorm2d(16, eps=1e-05, momentum=0.1, affine=True, track_running_stats=True)
[2023-05-12 01:30:43]   (bn2): BatchNorm2d(32, eps=1e-05, momentum=0.1, affine=True, track_running_stats=True)
[2023-05-12 01:30:43]   (bn3): BatchNorm2d(64, eps=1e-05, momentum=0.1, affine=True, track_running_stats=True)
[2023-05-12 01:30:43]   (conv1): Conv2d(1, 16, kernel_size=(3, 3), stride=(1, 1), padding=(1, 1), bias=False)
[2023-05-12 01:30:43]   (conv2): Conv2d(16, 32, kernel_size=(3, 3), stride=(1, 1), padding=(1, 1), bias=False)
[2023-05-12 01:30:43]   (conv3): Conv2d(32, 64, kernel_size=(3, 3), stride=(1, 1), padding=(1, 1), bias=False)
[2023-05-12 01:30:43]   (bigru): GRU(512, 128, batch_first=True, bidirectional=True)
[2023-05-12 01:30:43]   (fc): Linear(in_features=256, out_features=10, bias=True)
[2023-05-12 01:30:43]   (relu): ReLU()
[2023-05-12 01:30:43] )
[2023-05-12 01:30:48] Epoch 1   training_loss: 0.40  val_loss: 0.35  precision: 0.00  recall: 0.00  f1: 0.00
[2023-05-12 01:30:51] Epoch 2   training_loss: 0.33  val_loss: 0.31  precision: 0.30  recall: 0.08  f1: 0.13
[2023-05-12 01:30:54] Epoch 3   training_loss: 0.30  val_loss: 0.29  precision: 0.36  recall: 0.15  f1: 0.20
[2023-05-12 01:30:56] Epoch 4   training_loss: 0.28  val_loss: 0.30  precision: 0.32  recall: 0.17  f1: 0.22
[2023-05-12 01:30:59] Epoch 5   training_loss: 0.26  val_loss: 0.26  precision: 0.46  recall: 0.20  f1: 0.25
[2023-05-12 01:31:02] Epoch 6   training_loss: 0.24  val_loss: 0.24  precision: 0.57  recall: 0.26  f1: 0.33
[2023-05-12 01:31:05] Epoch 7   training_loss: 0.22  val_loss: 0.24  precision: 0.67  recall: 0.30  f1: 0.36
[2023-05-12 01:31:07] Epoch 8   training_loss: 0.21  val_loss: 0.23  precision: 0.63  recall: 0.36  f1: 0.44
[2023-05-12 01:31:10] Epoch 9   training_loss: 0.19  val_loss: 0.22  precision: 0.80  recall: 0.40  f1: 0.49
[2023-05-12 01:31:12] Epoch 10   training_loss: 0.17  val_loss: 0.20  precision: 0.69  recall: 0.45  f1: 0.54
[2023-05-12 01:31:15] Epoch 11   training_loss: 0.16  val_loss: 0.23  precision: 0.76  recall: 0.48  f1: 0.54
[2023-05-12 01:31:17] Epoch 12   training_loss: 0.15  val_loss: 0.22  precision: 0.78  recall: 0.44  f1: 0.53
[2023-05-12 01:31:20] Epoch 13   training_loss: 0.14  val_loss: 0.21  precision: 0.66  recall: 0.50  f1: 0.54
[2023-05-12 01:31:23] Epoch 14   training_loss: 0.14  val_loss: 0.20  precision: 0.80  recall: 0.52  f1: 0.61
[2023-05-12 01:31:26] Epoch 15   training_loss: 0.12  val_loss: 0.19  precision: 0.74  recall: 0.53  f1: 0.59
[2023-05-12 01:31:28] Epoch 16   training_loss: 0.11  val_loss: 0.19  precision: 0.71  recall: 0.61  f1: 0.63
[2023-05-12 01:31:31] Epoch 17   training_loss: 0.10  val_loss: 0.19  precision: 0.72  recall: 0.60  f1: 0.63
[2023-05-12 01:31:33] Epoch 18   training_loss: 0.09  val_loss: 0.18  precision: 0.80  recall: 0.65  f1: 0.71
[2023-05-12 01:31:36] Epoch 19   training_loss: 0.09  val_loss: 0.19  precision: 0.72  recall: 0.58  f1: 0.61
[2023-05-12 01:31:38] Epoch 20   training_loss: 0.09  val_loss: 0.18  precision: 0.74  recall: 0.69  f1: 0.71
[2023-05-12 01:31:41] Epoch 21   training_loss: 0.09  val_loss: 0.19  precision: 0.76  recall: 0.62  f1: 0.67
[2023-05-12 01:31:43] Epoch 22   training_loss: 0.08  val_loss: 0.19  precision: 0.77  recall: 0.63  f1: 0.68
[2023-05-12 01:31:46] Epoch 23   training_loss: 0.07  val_loss: 0.17  precision: 0.73  recall: 0.67  f1: 0.69
[2023-05-12 01:31:49] Epoch 24   training_loss: 0.06  val_loss: 0.18  precision: 0.79  recall: 0.67  f1: 0.70
[2023-05-12 01:31:52] Epoch 25   training_loss: 0.06  val_loss: 0.20  precision: 0.75  recall: 0.64  f1: 0.67
[2023-05-12 01:31:54] Epoch 26   training_loss: 0.07  val_loss: 0.19  precision: 0.77  recall: 0.70  f1: 0.72
[2023-05-12 01:31:57] Epoch 27   training_loss: 0.05  val_loss: 0.17  precision: 0.77  recall: 0.67  f1: 0.70
[2023-05-12 01:31:59] Epoch 28   training_loss: 0.05  val_loss: 0.17  precision: 0.78  recall: 0.68  f1: 0.72
[2023-05-12 01:32:02] Epoch 29   training_loss: 0.04  val_loss: 0.17  precision: 0.78  recall: 0.69  f1: 0.72
[2023-05-12 01:32:05] Epoch 30   training_loss: 0.04  val_loss: 0.17  precision: 0.79  recall: 0.68  f1: 0.72
[2023-05-12 01:32:07] Epoch 31   training_loss: 0.04  val_loss: 0.17  precision: 0.81  recall: 0.69  f1: 0.73
[2023-05-12 01:32:10] Epoch 32   training_loss: 0.04  val_loss: 0.17  precision: 0.78  recall: 0.70  f1: 0.74
[2023-05-12 01:32:13] Epoch 33   training_loss: 0.04  val_loss: 0.17  precision: 0.79  recall: 0.69  f1: 0.72
[2023-05-12 01:32:16] Epoch 34   training_loss: 0.04  val_loss: 0.17  precision: 0.78  recall: 0.70  f1: 0.73
[2023-05-12 01:32:18] Epoch 35   training_loss: 0.03  val_loss: 0.17  precision: 0.79  recall: 0.70  f1: 0.73
[2023-05-12 01:32:21] Epoch 36   training_loss: 0.03  val_loss: 0.17  precision: 0.79  recall: 0.69  f1: 0.73
[2023-05-12 01:32:23] Epoch 37   training_loss: 0.04  val_loss: 0.17  precision: 0.79  recall: 0.70  f1: 0.73
[2023-05-12 01:32:26] Epoch 38   training_loss: 0.04  val_loss: 0.17  precision: 0.79  recall: 0.70  f1: 0.73
