[2023-05-12 02:55:59] Storing files in experiments/avg/2023-05-12_02-55-05_781d7164f02d11ed8bef5cff35c18db0
[2023-05-12 02:55:59] batch_size: 64
[2023-05-12 02:55:59] data:
[2023-05-12 02:55:59]   class_indice_file: data/metadata/class_label_indices.txt
[2023-05-12 02:55:59]   feature: data/dev/feature.csv
[2023-05-12 02:55:59]   label: data/dev/label.csv
[2023-05-12 02:55:59]   stratified: true
[2023-05-12 02:55:59] dataloader_args:
[2023-05-12 02:55:59]   batch_size: 64
[2023-05-12 02:55:59]   num_workers: 1
[2023-05-12 02:55:59] early_stop: 7
[2023-05-12 02:55:59] epochs: 100
[2023-05-12 02:55:59] loss: BceLoss
[2023-05-12 02:55:59] model:
[2023-05-12 02:55:59]   args: {}
[2023-05-12 02:55:59]   type: avg
[2023-05-12 02:55:59] num_workers: 2
[2023-05-12 02:55:59] optimizer:
[2023-05-12 02:55:59]   args:
[2023-05-12 02:55:59]     lr: 0.001
[2023-05-12 02:55:59]   type: AdamW
[2023-05-12 02:55:59] outputpath: experiments/
[2023-05-12 02:55:59] scheduler_args:
[2023-05-12 02:55:59]   factor: 0.1
[2023-05-12 02:55:59]   patience: 3
[2023-05-12 02:55:59] 
[2023-05-12 02:55:59] Running on device cuda
[2023-05-12 02:56:05] AdamW (
[2023-05-12 02:56:05] Parameter Group 0
[2023-05-12 02:56:05]     amsgrad: False
[2023-05-12 02:56:05]     betas: (0.9, 0.999)
[2023-05-12 02:56:05]     capturable: False
[2023-05-12 02:56:05]     differentiable: False
[2023-05-12 02:56:05]     eps: 1e-08
[2023-05-12 02:56:05]     foreach: None
[2023-05-12 02:56:05]     fused: None
[2023-05-12 02:56:05]     lr: 0.001
[2023-05-12 02:56:05]     maximize: False
[2023-05-12 02:56:05]     weight_decay: 0.01
[2023-05-12 02:56:05] )
[2023-05-12 02:56:05] avg(
[2023-05-12 02:56:05]   (bn0): BatchNorm2d(64, eps=1e-05, momentum=0.1, affine=True, track_running_stats=True)
[2023-05-12 02:56:05]   (bn1): BatchNorm2d(16, eps=1e-05, momentum=0.1, affine=True, track_running_stats=True)
[2023-05-12 02:56:05]   (bn2): BatchNorm2d(32, eps=1e-05, momentum=0.1, affine=True, track_running_stats=True)
[2023-05-12 02:56:05]   (bn3): BatchNorm2d(64, eps=1e-05, momentum=0.1, affine=True, track_running_stats=True)
[2023-05-12 02:56:05]   (conv1): Conv2d(1, 16, kernel_size=(3, 3), stride=(1, 1), padding=(1, 1), bias=False)
[2023-05-12 02:56:05]   (conv2): Conv2d(16, 32, kernel_size=(3, 3), stride=(1, 1), padding=(1, 1), bias=False)
[2023-05-12 02:56:05]   (conv3): Conv2d(32, 64, kernel_size=(3, 3), stride=(1, 1), padding=(1, 1), bias=False)
[2023-05-12 02:56:05]   (bigru): GRU(512, 128, num_layers=3, batch_first=True, bidirectional=True)
[2023-05-12 02:56:05]   (fc): Linear(in_features=256, out_features=10, bias=True)
[2023-05-12 02:56:05]   (relu): ReLU()
[2023-05-12 02:56:05] )
[2023-05-12 02:56:10] Epoch 1   training_loss: 0.38  val_loss: 0.34  precision: 0.27  recall: 0.09  f1: 0.09
[2023-05-12 02:56:13] Epoch 2   training_loss: 0.31  val_loss: 0.29  precision: 0.24  recall: 0.15  f1: 0.18
[2023-05-12 02:56:16] Epoch 3   training_loss: 0.27  val_loss: 0.26  precision: 0.57  recall: 0.28  f1: 0.36
[2023-05-12 02:56:20] Epoch 4   training_loss: 0.24  val_loss: 0.25  precision: 0.60  recall: 0.31  f1: 0.37
[2023-05-12 02:56:22] Epoch 5   training_loss: 0.22  val_loss: 0.21  precision: 0.57  recall: 0.37  f1: 0.44
[2023-05-12 02:56:25] Epoch 6   training_loss: 0.19  val_loss: 0.21  precision: 0.62  recall: 0.48  f1: 0.51
[2023-05-12 02:56:29] Epoch 7   training_loss: 0.17  val_loss: 0.22  precision: 0.58  recall: 0.49  f1: 0.51
[2023-05-12 02:56:31] Epoch 8   training_loss: 0.15  val_loss: 0.18  precision: 0.70  recall: 0.62  f1: 0.63
[2023-05-12 02:56:34] Epoch 9   training_loss: 0.14  val_loss: 0.18  precision: 0.77  recall: 0.63  f1: 0.66
[2023-05-12 02:56:37] Epoch 10   training_loss: 0.13  val_loss: 0.19  precision: 0.76  recall: 0.73  f1: 0.73
[2023-05-12 02:56:40] Epoch 11   training_loss: 0.11  val_loss: 0.19  precision: 0.77  recall: 0.64  f1: 0.68
[2023-05-12 02:56:43] Epoch 12   training_loss: 0.11  val_loss: 0.19  precision: 0.76  recall: 0.60  f1: 0.64
[2023-05-12 02:56:45] Epoch 13   training_loss: 0.10  val_loss: 0.19  precision: 0.77  recall: 0.71  f1: 0.74
[2023-05-12 02:56:48] Epoch 14   training_loss: 0.07  val_loss: 0.15  precision: 0.78  recall: 0.69  f1: 0.72
[2023-05-12 02:56:51] Epoch 15   training_loss: 0.07  val_loss: 0.16  precision: 0.77  recall: 0.71  f1: 0.73
[2023-05-12 02:56:54] Epoch 16   training_loss: 0.06  val_loss: 0.16  precision: 0.78  recall: 0.69  f1: 0.73
[2023-05-12 02:56:57] Epoch 17   training_loss: 0.06  val_loss: 0.15  precision: 0.78  recall: 0.70  f1: 0.73
[2023-05-12 02:57:00] Epoch 18   training_loss: 0.06  val_loss: 0.16  precision: 0.77  recall: 0.70  f1: 0.73
[2023-05-12 02:57:03] Epoch 19   training_loss: 0.06  val_loss: 0.16  precision: 0.77  recall: 0.69  f1: 0.72
[2023-05-12 02:57:06] Epoch 20   training_loss: 0.06  val_loss: 0.16  precision: 0.76  recall: 0.68  f1: 0.71
[2023-05-12 02:57:09] Epoch 21   training_loss: 0.05  val_loss: 0.16  precision: 0.78  recall: 0.71  f1: 0.73
