[2023-05-12 02:29:00] Storing files in experiments/GRU2/2023-05-12_02-29-05_b306aad8f02911ed96205cff35c18db0
[2023-05-12 02:29:00] batch_size: 64
[2023-05-12 02:29:00] data:
[2023-05-12 02:29:00]   class_indice_file: data/metadata/class_label_indices.txt
[2023-05-12 02:29:00]   feature: data/dev/feature.csv
[2023-05-12 02:29:00]   label: data/dev/label.csv
[2023-05-12 02:29:00]   stratified: true
[2023-05-12 02:29:00] dataloader_args:
[2023-05-12 02:29:00]   batch_size: 64
[2023-05-12 02:29:00]   num_workers: 1
[2023-05-12 02:29:00] early_stop: 7
[2023-05-12 02:29:00] epochs: 100
[2023-05-12 02:29:00] loss: BceLoss
[2023-05-12 02:29:00] model:
[2023-05-12 02:29:00]   args: {}
[2023-05-12 02:29:00]   type: GRU2
[2023-05-12 02:29:00] num_workers: 2
[2023-05-12 02:29:00] optimizer:
[2023-05-12 02:29:00]   args:
[2023-05-12 02:29:00]     lr: 0.001
[2023-05-12 02:29:00]   type: AdamW
[2023-05-12 02:29:00] outputpath: experiments/
[2023-05-12 02:29:00] scheduler_args:
[2023-05-12 02:29:00]   factor: 0.1
[2023-05-12 02:29:00]   patience: 3
[2023-05-12 02:29:00] 
[2023-05-12 02:29:00] Running on device cuda
[2023-05-12 02:29:05] AdamW (
[2023-05-12 02:29:05] Parameter Group 0
[2023-05-12 02:29:05]     amsgrad: False
[2023-05-12 02:29:05]     betas: (0.9, 0.999)
[2023-05-12 02:29:05]     capturable: False
[2023-05-12 02:29:05]     differentiable: False
[2023-05-12 02:29:05]     eps: 1e-08
[2023-05-12 02:29:05]     foreach: None
[2023-05-12 02:29:05]     fused: None
[2023-05-12 02:29:05]     lr: 0.001
[2023-05-12 02:29:05]     maximize: False
[2023-05-12 02:29:05]     weight_decay: 0.01
[2023-05-12 02:29:05] )
[2023-05-12 02:29:05] GRU2(
[2023-05-12 02:29:05]   (bn0): BatchNorm2d(64, eps=1e-05, momentum=0.1, affine=True, track_running_stats=True)
[2023-05-12 02:29:05]   (bn1): BatchNorm2d(16, eps=1e-05, momentum=0.1, affine=True, track_running_stats=True)
[2023-05-12 02:29:05]   (bn2): BatchNorm2d(32, eps=1e-05, momentum=0.1, affine=True, track_running_stats=True)
[2023-05-12 02:29:05]   (bn3): BatchNorm2d(64, eps=1e-05, momentum=0.1, affine=True, track_running_stats=True)
[2023-05-12 02:29:05]   (conv1): Conv2d(1, 16, kernel_size=(3, 3), stride=(1, 1), padding=(1, 1), bias=False)
[2023-05-12 02:29:05]   (conv2): Conv2d(16, 32, kernel_size=(3, 3), stride=(1, 1), padding=(1, 1), bias=False)
[2023-05-12 02:29:05]   (conv3): Conv2d(32, 64, kernel_size=(3, 3), stride=(1, 1), padding=(1, 1), bias=False)
[2023-05-12 02:29:05]   (bigru): GRU(512, 128, num_layers=2, batch_first=True, bidirectional=True)
[2023-05-12 02:29:05]   (fc): Linear(in_features=256, out_features=10, bias=True)
[2023-05-12 02:29:05]   (relu): ReLU()
[2023-05-12 02:29:05] )
[2023-05-12 02:29:11] Epoch 1   training_loss: 0.37  val_loss: 0.34  precision: 0.12  recall: 0.02  f1: 0.03
[2023-05-12 02:29:13] Epoch 2   training_loss: 0.30  val_loss: 0.28  precision: 0.34  recall: 0.19  f1: 0.23
[2023-05-12 02:29:16] Epoch 3   training_loss: 0.27  val_loss: 0.27  precision: 0.49  recall: 0.23  f1: 0.30
[2023-05-12 02:29:20] Epoch 4   training_loss: 0.24  val_loss: 0.24  precision: 0.55  recall: 0.29  f1: 0.34
[2023-05-12 02:29:23] Epoch 5   training_loss: 0.22  val_loss: 0.27  precision: 0.56  recall: 0.34  f1: 0.41
[2023-05-12 02:29:25] Epoch 6   training_loss: 0.20  val_loss: 0.22  precision: 0.66  recall: 0.44  f1: 0.50
[2023-05-12 02:29:28] Epoch 7   training_loss: 0.17  val_loss: 0.20  precision: 0.75  recall: 0.54  f1: 0.58
[2023-05-12 02:29:31] Epoch 8   training_loss: 0.15  val_loss: 0.17  precision: 0.80  recall: 0.56  f1: 0.63
[2023-05-12 02:29:33] Epoch 9   training_loss: 0.14  val_loss: 0.19  precision: 0.71  recall: 0.61  f1: 0.62
[2023-05-12 02:29:36] Epoch 10   training_loss: 0.13  val_loss: 0.17  precision: 0.79  recall: 0.60  f1: 0.65
[2023-05-12 02:29:39] Epoch 11   training_loss: 0.12  val_loss: 0.19  precision: 0.76  recall: 0.53  f1: 0.61
[2023-05-12 02:29:42] Epoch 12   training_loss: 0.11  val_loss: 0.16  precision: 0.77  recall: 0.70  f1: 0.72
[2023-05-12 02:29:44] Epoch 13   training_loss: 0.10  val_loss: 0.18  precision: 0.77  recall: 0.70  f1: 0.70
[2023-05-12 02:29:47] Epoch 14   training_loss: 0.09  val_loss: 0.17  precision: 0.79  recall: 0.67  f1: 0.70
[2023-05-12 02:29:50] Epoch 15   training_loss: 0.08  val_loss: 0.18  precision: 0.81  recall: 0.71  f1: 0.74
[2023-05-12 02:29:53] Epoch 16   training_loss: 0.07  val_loss: 0.17  precision: 0.79  recall: 0.66  f1: 0.71
[2023-05-12 02:29:55] Epoch 17   training_loss: 0.05  val_loss: 0.16  precision: 0.83  recall: 0.69  f1: 0.74
[2023-05-12 02:29:58] Epoch 18   training_loss: 0.05  val_loss: 0.16  precision: 0.79  recall: 0.73  f1: 0.75
[2023-05-12 02:30:01] Epoch 19   training_loss: 0.05  val_loss: 0.16  precision: 0.81  recall: 0.72  f1: 0.75
[2023-05-12 02:30:04] Epoch 20   training_loss: 0.04  val_loss: 0.17  precision: 0.78  recall: 0.72  f1: 0.75
[2023-05-12 02:30:06] Epoch 21   training_loss: 0.04  val_loss: 0.17  precision: 0.80  recall: 0.71  f1: 0.75
[2023-05-12 02:30:09] Epoch 22   training_loss: 0.04  val_loss: 0.18  precision: 0.79  recall: 0.71  f1: 0.74
[2023-05-12 02:30:12] Epoch 23   training_loss: 0.04  val_loss: 0.17  precision: 0.81  recall: 0.72  f1: 0.75
[2023-05-12 02:30:14] Epoch 24   training_loss: 0.04  val_loss: 0.17  precision: 0.82  recall: 0.70  f1: 0.74
[2023-05-12 02:30:17] Epoch 25   training_loss: 0.04  val_loss: 0.17  precision: 0.81  recall: 0.71  f1: 0.75
[2023-05-12 02:30:20] Epoch 26   training_loss: 0.04  val_loss: 0.17  precision: 0.81  recall: 0.71  f1: 0.74
