[2023-05-12 02:17:20] Storing files in experiments/Crnn3/2023-05-12_02-17-05_11d34348f02811eda0f05cff35c18db0
[2023-05-12 02:17:20] batch_size: 64
[2023-05-12 02:17:20] data:
[2023-05-12 02:17:20]   class_indice_file: data/metadata/class_label_indices.txt
[2023-05-12 02:17:20]   feature: data/dev/feature.csv
[2023-05-12 02:17:20]   label: data/dev/label.csv
[2023-05-12 02:17:20]   stratified: true
[2023-05-12 02:17:20] dataloader_args:
[2023-05-12 02:17:20]   batch_size: 64
[2023-05-12 02:17:20]   num_workers: 1
[2023-05-12 02:17:20] early_stop: 7
[2023-05-12 02:17:20] epochs: 100
[2023-05-12 02:17:20] loss: BceLoss
[2023-05-12 02:17:20] model:
[2023-05-12 02:17:20]   args: {}
[2023-05-12 02:17:20]   type: Crnn3
[2023-05-12 02:17:20] num_workers: 2
[2023-05-12 02:17:20] optimizer:
[2023-05-12 02:17:20]   args:
[2023-05-12 02:17:20]     lr: 0.001
[2023-05-12 02:17:20]   type: AdamW
[2023-05-12 02:17:20] outputpath: experiments/
[2023-05-12 02:17:20] scheduler_args:
[2023-05-12 02:17:20]   factor: 0.1
[2023-05-12 02:17:20]   patience: 3
[2023-05-12 02:17:20] 
[2023-05-12 02:17:20] Running on device cuda
[2023-05-12 02:17:26] AdamW (
[2023-05-12 02:17:26] Parameter Group 0
[2023-05-12 02:17:26]     amsgrad: False
[2023-05-12 02:17:26]     betas: (0.9, 0.999)
[2023-05-12 02:17:26]     capturable: False
[2023-05-12 02:17:26]     differentiable: False
[2023-05-12 02:17:26]     eps: 1e-08
[2023-05-12 02:17:26]     foreach: None
[2023-05-12 02:17:26]     fused: None
[2023-05-12 02:17:26]     lr: 0.001
[2023-05-12 02:17:26]     maximize: False
[2023-05-12 02:17:26]     weight_decay: 0.01
[2023-05-12 02:17:26] )
[2023-05-12 02:17:26] Crnn3(
[2023-05-12 02:17:26]   (bn0): BatchNorm2d(64, eps=1e-05, momentum=0.1, affine=True, track_running_stats=True)
[2023-05-12 02:17:26]   (bn1): BatchNorm2d(16, eps=1e-05, momentum=0.1, affine=True, track_running_stats=True)
[2023-05-12 02:17:26]   (bn2): BatchNorm2d(32, eps=1e-05, momentum=0.1, affine=True, track_running_stats=True)
[2023-05-12 02:17:26]   (bn3): BatchNorm2d(64, eps=1e-05, momentum=0.1, affine=True, track_running_stats=True)
[2023-05-12 02:17:26]   (bn4): BatchNorm2d(128, eps=1e-05, momentum=0.1, affine=True, track_running_stats=True)
[2023-05-12 02:17:26]   (bn5): BatchNorm2d(256, eps=1e-05, momentum=0.1, affine=True, track_running_stats=True)
[2023-05-12 02:17:26]   (bn6): BatchNorm2d(512, eps=1e-05, momentum=0.1, affine=True, track_running_stats=True)
[2023-05-12 02:17:26]   (conv1): Conv2d(1, 16, kernel_size=(3, 3), stride=(1, 1), padding=(1, 1), bias=False)
[2023-05-12 02:17:26]   (conv2): Conv2d(16, 32, kernel_size=(3, 3), stride=(1, 1), padding=(1, 1), bias=False)
[2023-05-12 02:17:26]   (conv3): Conv2d(32, 64, kernel_size=(3, 3), stride=(1, 1), padding=(1, 1), bias=False)
[2023-05-12 02:17:26]   (conv4): Conv2d(64, 128, kernel_size=(3, 3), stride=(1, 1), padding=(1, 1), bias=False)
[2023-05-12 02:17:26]   (conv5): Conv2d(128, 256, kernel_size=(3, 3), stride=(1, 1), padding=(1, 1), bias=False)
[2023-05-12 02:17:26]   (conv6): Conv2d(256, 512, kernel_size=(3, 3), stride=(1, 1), padding=(1, 1), bias=False)
[2023-05-12 02:17:26]   (bigru): GRU(512, 128, batch_first=True, bidirectional=True)
[2023-05-12 02:17:26]   (fc): Linear(in_features=256, out_features=10, bias=True)
[2023-05-12 02:17:26]   (relu): ReLU()
[2023-05-12 02:17:26] )
[2023-05-12 02:17:33] Epoch 1   training_loss: 0.35  val_loss: 0.46  precision: 0.00  recall: 0.00  f1: 0.00
[2023-05-12 02:17:36] Epoch 2   training_loss: 0.27  val_loss: 0.31  precision: 0.41  recall: 0.20  f1: 0.24
[2023-05-12 02:17:40] Epoch 3   training_loss: 0.25  val_loss: 0.27  precision: 0.53  recall: 0.27  f1: 0.30
[2023-05-12 02:17:44] Epoch 4   training_loss: 0.22  val_loss: 0.23  precision: 0.61  recall: 0.39  f1: 0.44
[2023-05-12 02:17:49] Epoch 5   training_loss: 0.20  val_loss: 0.21  precision: 0.67  recall: 0.45  f1: 0.49
[2023-05-12 02:17:52] Epoch 6   training_loss: 0.18  val_loss: 0.19  precision: 0.70  recall: 0.52  f1: 0.55
[2023-05-12 02:17:56] Epoch 7   training_loss: 0.16  val_loss: 0.18  precision: 0.83  recall: 0.59  f1: 0.66
[2023-05-12 02:18:00] Epoch 8   training_loss: 0.14  val_loss: 0.20  precision: 0.78  recall: 0.57  f1: 0.58
[2023-05-12 02:18:04] Epoch 9   training_loss: 0.14  val_loss: 0.21  precision: 0.79  recall: 0.62  f1: 0.67
[2023-05-12 02:18:08] Epoch 10   training_loss: 0.13  val_loss: 0.18  precision: 0.76  recall: 0.59  f1: 0.65
[2023-05-12 02:18:12] Epoch 11   training_loss: 0.12  val_loss: 0.19  precision: 0.80  recall: 0.67  f1: 0.69
[2023-05-12 02:18:15] Epoch 12   training_loss: 0.12  val_loss: 0.19  precision: 0.77  recall: 0.62  f1: 0.64
[2023-05-12 02:18:19] Epoch 13   training_loss: 0.11  val_loss: 0.20  precision: 0.77  recall: 0.58  f1: 0.64
[2023-05-12 02:18:23] Epoch 14   training_loss: 0.10  val_loss: 0.16  precision: 0.85  recall: 0.57  f1: 0.62
[2023-05-12 02:18:27] Epoch 15   training_loss: 0.09  val_loss: 0.14  precision: 0.87  recall: 0.68  f1: 0.72
[2023-05-12 02:18:31] Epoch 16   training_loss: 0.08  val_loss: 0.20  precision: 0.77  recall: 0.69  f1: 0.70
[2023-05-12 02:18:35] Epoch 17   training_loss: 0.08  val_loss: 0.20  precision: 0.76  recall: 0.59  f1: 0.65
[2023-05-12 02:18:39] Epoch 18   training_loss: 0.08  val_loss: 0.21  precision: 0.87  recall: 0.59  f1: 0.68
[2023-05-12 02:18:43] Epoch 19   training_loss: 0.07  val_loss: 0.17  precision: 0.72  recall: 0.65  f1: 0.68
[2023-05-12 02:18:46] Epoch 20   training_loss: 0.05  val_loss: 0.17  precision: 0.80  recall: 0.77  f1: 0.76
[2023-05-12 02:18:50] Epoch 21   training_loss: 0.05  val_loss: 0.15  precision: 0.83  recall: 0.75  f1: 0.77
[2023-05-12 02:18:54] Epoch 22   training_loss: 0.04  val_loss: 0.16  precision: 0.82  recall: 0.75  f1: 0.77
