[2023-05-12 02:02:39] Storing files in experiments/Crnn2/2023-05-12_02-02-05_04885f22f02611edb58f5cff35c18db0
[2023-05-12 02:02:39] batch_size: 64
[2023-05-12 02:02:39] data:
[2023-05-12 02:02:39]   class_indice_file: data/metadata/class_label_indices.txt
[2023-05-12 02:02:39]   feature: data/dev/feature.csv
[2023-05-12 02:02:39]   label: data/dev/label.csv
[2023-05-12 02:02:39]   stratified: true
[2023-05-12 02:02:39] dataloader_args:
[2023-05-12 02:02:39]   batch_size: 64
[2023-05-12 02:02:39]   num_workers: 1
[2023-05-12 02:02:39] early_stop: 7
[2023-05-12 02:02:39] epochs: 100
[2023-05-12 02:02:39] loss: BceLoss
[2023-05-12 02:02:39] model:
[2023-05-12 02:02:39]   args: {}
[2023-05-12 02:02:39]   type: Crnn2
[2023-05-12 02:02:39] num_workers: 2
[2023-05-12 02:02:39] optimizer:
[2023-05-12 02:02:39]   args:
[2023-05-12 02:02:39]     lr: 0.001
[2023-05-12 02:02:39]   type: AdamW
[2023-05-12 02:02:39] outputpath: experiments/
[2023-05-12 02:02:39] scheduler_args:
[2023-05-12 02:02:39]   factor: 0.1
[2023-05-12 02:02:39]   patience: 3
[2023-05-12 02:02:39] 
[2023-05-12 02:02:39] Running on device cuda
[2023-05-12 02:02:44] AdamW (
[2023-05-12 02:02:44] Parameter Group 0
[2023-05-12 02:02:44]     amsgrad: False
[2023-05-12 02:02:44]     betas: (0.9, 0.999)
[2023-05-12 02:02:44]     capturable: False
[2023-05-12 02:02:44]     differentiable: False
[2023-05-12 02:02:44]     eps: 1e-08
[2023-05-12 02:02:44]     foreach: None
[2023-05-12 02:02:44]     fused: None
[2023-05-12 02:02:44]     lr: 0.001
[2023-05-12 02:02:44]     maximize: False
[2023-05-12 02:02:44]     weight_decay: 0.01
[2023-05-12 02:02:44] )
[2023-05-12 02:02:44] Crnn2(
[2023-05-12 02:02:44]   (bn0): BatchNorm2d(64, eps=1e-05, momentum=0.1, affine=True, track_running_stats=True)
[2023-05-12 02:02:44]   (bn1): BatchNorm2d(16, eps=1e-05, momentum=0.1, affine=True, track_running_stats=True)
[2023-05-12 02:02:44]   (bn2): BatchNorm2d(32, eps=1e-05, momentum=0.1, affine=True, track_running_stats=True)
[2023-05-12 02:02:44]   (bn3): BatchNorm2d(64, eps=1e-05, momentum=0.1, affine=True, track_running_stats=True)
[2023-05-12 02:02:44]   (bn4): BatchNorm2d(128, eps=1e-05, momentum=0.1, affine=True, track_running_stats=True)
[2023-05-12 02:02:44]   (bn5): BatchNorm2d(256, eps=1e-05, momentum=0.1, affine=True, track_running_stats=True)
[2023-05-12 02:02:44]   (conv1): Conv2d(1, 16, kernel_size=(3, 3), stride=(1, 1), padding=(1, 1), bias=False)
[2023-05-12 02:02:44]   (conv2): Conv2d(16, 32, kernel_size=(3, 3), stride=(1, 1), padding=(1, 1), bias=False)
[2023-05-12 02:02:44]   (conv3): Conv2d(32, 64, kernel_size=(3, 3), stride=(1, 1), padding=(1, 1), bias=False)
[2023-05-12 02:02:44]   (conv4): Conv2d(64, 128, kernel_size=(3, 3), stride=(1, 1), padding=(1, 1), bias=False)
[2023-05-12 02:02:44]   (conv5): Conv2d(128, 256, kernel_size=(3, 3), stride=(1, 1), padding=(1, 1), bias=False)
[2023-05-12 02:02:44]   (bigru): GRU(512, 128, batch_first=True, bidirectional=True)
[2023-05-12 02:02:44]   (fc): Linear(in_features=256, out_features=10, bias=True)
[2023-05-12 02:02:44]   (relu): ReLU()
[2023-05-12 02:02:44] )
[2023-05-12 02:02:50] Epoch 1   training_loss: 0.35  val_loss: 0.40  precision: 0.13  recall: 0.03  f1: 0.04
[2023-05-12 02:02:53] Epoch 2   training_loss: 0.29  val_loss: 0.29  precision: 0.28  recall: 0.14  f1: 0.18
[2023-05-12 02:02:57] Epoch 3   training_loss: 0.24  val_loss: 0.25  precision: 0.52  recall: 0.25  f1: 0.30
[2023-05-12 02:03:00] Epoch 4   training_loss: 0.22  val_loss: 0.24  precision: 0.65  recall: 0.29  f1: 0.35
[2023-05-12 02:03:03] Epoch 5   training_loss: 0.20  val_loss: 0.20  precision: 0.71  recall: 0.46  f1: 0.53
[2023-05-12 02:03:06] Epoch 6   training_loss: 0.18  val_loss: 0.20  precision: 0.81  recall: 0.53  f1: 0.59
[2023-05-12 02:03:09] Epoch 7   training_loss: 0.16  val_loss: 0.20  precision: 0.76  recall: 0.49  f1: 0.55
[2023-05-12 02:03:12] Epoch 8   training_loss: 0.15  val_loss: 0.19  precision: 0.80  recall: 0.60  f1: 0.67
[2023-05-12 02:03:15] Epoch 9   training_loss: 0.14  val_loss: 0.20  precision: 0.74  recall: 0.61  f1: 0.64
[2023-05-12 02:03:18] Epoch 10   training_loss: 0.13  val_loss: 0.18  precision: 0.83  recall: 0.58  f1: 0.67
[2023-05-12 02:03:22] Epoch 11   training_loss: 0.11  val_loss: 0.20  precision: 0.73  recall: 0.62  f1: 0.65
[2023-05-12 02:03:25] Epoch 12   training_loss: 0.11  val_loss: 0.16  precision: 0.84  recall: 0.66  f1: 0.72
[2023-05-12 02:03:28] Epoch 13   training_loss: 0.11  val_loss: 0.21  precision: 0.82  recall: 0.60  f1: 0.66
[2023-05-12 02:03:32] Epoch 14   training_loss: 0.10  val_loss: 0.16  precision: 0.81  recall: 0.72  f1: 0.74
[2023-05-12 02:03:35] Epoch 15   training_loss: 0.09  val_loss: 0.18  precision: 0.87  recall: 0.65  f1: 0.74
[2023-05-12 02:03:38] Epoch 16   training_loss: 0.08  val_loss: 0.15  precision: 0.80  recall: 0.68  f1: 0.72
[2023-05-12 02:03:41] Epoch 17   training_loss: 0.07  val_loss: 0.21  precision: 0.74  recall: 0.60  f1: 0.65
[2023-05-12 02:03:44] Epoch 18   training_loss: 0.07  val_loss: 0.19  precision: 0.80  recall: 0.75  f1: 0.76
[2023-05-12 02:03:48] Epoch 19   training_loss: 0.07  val_loss: 0.16  precision: 0.83  recall: 0.70  f1: 0.75
[2023-05-12 02:03:51] Epoch 20   training_loss: 0.07  val_loss: 0.20  precision: 0.83  recall: 0.66  f1: 0.71
[2023-05-12 02:03:54] Epoch 21   training_loss: 0.05  val_loss: 0.15  precision: 0.81  recall: 0.71  f1: 0.75
[2023-05-12 02:03:57] Epoch 22   training_loss: 0.04  val_loss: 0.15  precision: 0.84  recall: 0.71  f1: 0.76
[2023-05-12 02:04:00] Epoch 23   training_loss: 0.04  val_loss: 0.16  precision: 0.83  recall: 0.71  f1: 0.76
[2023-05-12 02:04:03] Epoch 24   training_loss: 0.04  val_loss: 0.15  precision: 0.83  recall: 0.73  f1: 0.76
[2023-05-12 02:04:06] Epoch 25   training_loss: 0.04  val_loss: 0.15  precision: 0.84  recall: 0.73  f1: 0.77
[2023-05-12 02:04:10] Epoch 26   training_loss: 0.04  val_loss: 0.16  precision: 0.85  recall: 0.71  f1: 0.77
[2023-05-12 02:04:13] Epoch 27   training_loss: 0.04  val_loss: 0.16  precision: 0.82  recall: 0.73  f1: 0.76
[2023-05-12 02:04:16] Epoch 28   training_loss: 0.04  val_loss: 0.16  precision: 0.82  recall: 0.73  f1: 0.76
[2023-05-12 02:04:19] Epoch 29   training_loss: 0.03  val_loss: 0.15  precision: 0.84  recall: 0.74  f1: 0.77
[2023-05-12 02:04:23] Epoch 30   training_loss: 0.03  val_loss: 0.15  precision: 0.85  recall: 0.73  f1: 0.78
[2023-05-12 02:04:25] Epoch 31   training_loss: 0.03  val_loss: 0.15  precision: 0.85  recall: 0.73  f1: 0.78
