[2023-05-12 01:38:58] Storing files in experiments/Crnn/2023-05-12_01-38-05_b55f927ef02211ed9c6e5cff35c18db0
[2023-05-12 01:38:58] batch_size: 64
[2023-05-12 01:38:58] data:
[2023-05-12 01:38:58]   class_indice_file: data/metadata/class_label_indices.txt
[2023-05-12 01:38:58]   feature: data/dev/feature.csv
[2023-05-12 01:38:58]   label: data/dev/label.csv
[2023-05-12 01:38:58]   stratified: true
[2023-05-12 01:38:58] dataloader_args:
[2023-05-12 01:38:58]   batch_size: 64
[2023-05-12 01:38:58]   num_workers: 1
[2023-05-12 01:38:58] early_stop: 7
[2023-05-12 01:38:58] epochs: 100
[2023-05-12 01:38:58] loss: BceLoss
[2023-05-12 01:38:58] model:
[2023-05-12 01:38:58]   args: {}
[2023-05-12 01:38:58]   type: Crnn
[2023-05-12 01:38:58] num_workers: 2
[2023-05-12 01:38:58] optimizer:
[2023-05-12 01:38:58]   args:
[2023-05-12 01:38:58]     lr: 0.001
[2023-05-12 01:38:58]   type: AdamW
[2023-05-12 01:38:58] outputpath: experiments/
[2023-05-12 01:38:58] scheduler_args:
[2023-05-12 01:38:58]   factor: 0.1
[2023-05-12 01:38:58]   patience: 3
[2023-05-12 01:38:58] 
[2023-05-12 01:38:58] Running on device cuda
[2023-05-12 01:39:03] AdamW (
[2023-05-12 01:39:03] Parameter Group 0
[2023-05-12 01:39:03]     amsgrad: False
[2023-05-12 01:39:03]     betas: (0.9, 0.999)
[2023-05-12 01:39:03]     capturable: False
[2023-05-12 01:39:03]     differentiable: False
[2023-05-12 01:39:03]     eps: 1e-08
[2023-05-12 01:39:03]     foreach: None
[2023-05-12 01:39:03]     fused: None
[2023-05-12 01:39:03]     lr: 0.001
[2023-05-12 01:39:03]     maximize: False
[2023-05-12 01:39:03]     weight_decay: 0.01
[2023-05-12 01:39:03] )
[2023-05-12 01:39:03] Crnn(
[2023-05-12 01:39:03]   (bn0): BatchNorm2d(64, eps=1e-05, momentum=0.1, affine=True, track_running_stats=True)
[2023-05-12 01:39:03]   (bn1): BatchNorm2d(16, eps=1e-05, momentum=0.1, affine=True, track_running_stats=True)
[2023-05-12 01:39:03]   (bn2): BatchNorm2d(32, eps=1e-05, momentum=0.1, affine=True, track_running_stats=True)
[2023-05-12 01:39:03]   (bn3): BatchNorm2d(64, eps=1e-05, momentum=0.1, affine=True, track_running_stats=True)
[2023-05-12 01:39:03]   (conv1): Conv2d(1, 16, kernel_size=(3, 3), stride=(1, 1), padding=(1, 1), bias=False)
[2023-05-12 01:39:03]   (conv2): Conv2d(16, 32, kernel_size=(3, 3), stride=(1, 1), padding=(1, 1), bias=False)
[2023-05-12 01:39:03]   (conv3): Conv2d(32, 64, kernel_size=(3, 3), stride=(1, 1), padding=(1, 1), bias=False)
[2023-05-12 01:39:03]   (bigru): GRU(512, 128, batch_first=True, bidirectional=True)
[2023-05-12 01:39:03]   (fc): Linear(in_features=256, out_features=10, bias=True)
[2023-05-12 01:39:03]   (relu): ReLU()
[2023-05-12 01:39:03] )
[2023-05-12 01:39:08] Epoch 1   training_loss: 0.37  val_loss: 0.34  precision: 0.14  recall: 0.06  f1: 0.06
[2023-05-12 01:39:11] Epoch 2   training_loss: 0.30  val_loss: 0.28  precision: 0.45  recall: 0.16  f1: 0.24
[2023-05-12 01:39:13] Epoch 3   training_loss: 0.27  val_loss: 0.26  precision: 0.45  recall: 0.20  f1: 0.26
[2023-05-12 01:39:16] Epoch 4   training_loss: 0.24  val_loss: 0.24  precision: 0.59  recall: 0.20  f1: 0.25
[2023-05-12 01:39:19] Epoch 5   training_loss: 0.22  val_loss: 0.23  precision: 0.70  recall: 0.34  f1: 0.41
[2023-05-12 01:39:21] Epoch 6   training_loss: 0.21  val_loss: 0.22  precision: 0.78  recall: 0.30  f1: 0.39
[2023-05-12 01:39:23] Epoch 7   training_loss: 0.19  val_loss: 0.21  precision: 0.81  recall: 0.40  f1: 0.51
[2023-05-12 01:39:27] Epoch 8   training_loss: 0.17  val_loss: 0.19  precision: 0.78  recall: 0.51  f1: 0.61
[2023-05-12 01:39:29] Epoch 9   training_loss: 0.16  val_loss: 0.19  precision: 0.68  recall: 0.48  f1: 0.54
[2023-05-12 01:39:32] Epoch 10   training_loss: 0.15  val_loss: 0.21  precision: 0.75  recall: 0.63  f1: 0.65
[2023-05-12 01:39:35] Epoch 11   training_loss: 0.14  val_loss: 0.20  precision: 0.67  recall: 0.58  f1: 0.61
[2023-05-12 01:39:37] Epoch 12   training_loss: 0.14  val_loss: 0.19  precision: 0.78  recall: 0.53  f1: 0.59
[2023-05-12 01:39:40] Epoch 13   training_loss: 0.12  val_loss: 0.20  precision: 0.71  recall: 0.55  f1: 0.59
[2023-05-12 01:39:43] Epoch 14   training_loss: 0.12  val_loss: 0.18  precision: 0.79  recall: 0.66  f1: 0.70
[2023-05-12 01:39:46] Epoch 15   training_loss: 0.11  val_loss: 0.17  precision: 0.81  recall: 0.59  f1: 0.66
[2023-05-12 01:39:49] Epoch 16   training_loss: 0.11  val_loss: 0.16  precision: 0.77  recall: 0.66  f1: 0.70
[2023-05-12 01:39:52] Epoch 17   training_loss: 0.09  val_loss: 0.16  precision: 0.83  recall: 0.65  f1: 0.71
[2023-05-12 01:39:54] Epoch 18   training_loss: 0.08  val_loss: 0.17  precision: 0.82  recall: 0.66  f1: 0.70
[2023-05-12 01:39:57] Epoch 19   training_loss: 0.07  val_loss: 0.17  precision: 0.80  recall: 0.68  f1: 0.71
[2023-05-12 01:39:59] Epoch 20   training_loss: 0.08  val_loss: 0.16  precision: 0.84  recall: 0.63  f1: 0.69
[2023-05-12 01:40:02] Epoch 21   training_loss: 0.07  val_loss: 0.17  precision: 0.77  recall: 0.72  f1: 0.73
[2023-05-12 01:40:05] Epoch 22   training_loss: 0.06  val_loss: 0.19  precision: 0.77  recall: 0.71  f1: 0.72
[2023-05-12 01:40:07] Epoch 23   training_loss: 0.06  val_loss: 0.16  precision: 0.76  recall: 0.76  f1: 0.76
[2023-05-12 01:40:10] Epoch 24   training_loss: 0.05  val_loss: 0.17  precision: 0.78  recall: 0.74  f1: 0.74
[2023-05-12 01:40:13] Epoch 25   training_loss: 0.05  val_loss: 0.16  precision: 0.82  recall: 0.73  f1: 0.76
[2023-05-12 01:40:15] Epoch 26   training_loss: 0.04  val_loss: 0.16  precision: 0.82  recall: 0.75  f1: 0.78
[2023-05-12 01:40:18] Epoch 27   training_loss: 0.04  val_loss: 0.16  precision: 0.81  recall: 0.74  f1: 0.77
[2023-05-12 01:40:21] Epoch 28   training_loss: 0.04  val_loss: 0.15  precision: 0.81  recall: 0.74  f1: 0.77
[2023-05-12 01:40:24] Epoch 29   training_loss: 0.04  val_loss: 0.16  precision: 0.80  recall: 0.73  f1: 0.76
[2023-05-12 01:40:26] Epoch 30   training_loss: 0.04  val_loss: 0.15  precision: 0.80  recall: 0.74  f1: 0.76
[2023-05-12 01:40:29] Epoch 31   training_loss: 0.04  val_loss: 0.15  precision: 0.81  recall: 0.74  f1: 0.76
[2023-05-12 01:40:32] Epoch 32   training_loss: 0.04  val_loss: 0.16  precision: 0.81  recall: 0.74  f1: 0.77
[2023-05-12 01:40:35] Epoch 33   training_loss: 0.03  val_loss: 0.15  precision: 0.80  recall: 0.73  f1: 0.76
[2023-05-12 01:40:38] Epoch 34   training_loss: 0.03  val_loss: 0.15  precision: 0.81  recall: 0.74  f1: 0.76
[2023-05-12 01:40:40] Epoch 35   training_loss: 0.04  val_loss: 0.15  precision: 0.80  recall: 0.73  f1: 0.75
